2022-08-26 09:32:25.128  INFO 10056 --- [AsyncResolver-bootstrap-executor-0] c.n.d.s.r.aws.ConfigClusterResolver      : Resolving eureka endpoints via configuration
2022-08-26 09:37:25.108  INFO 10056 --- [AsyncResolver-bootstrap-executor-0] c.n.d.s.r.aws.ConfigClusterResolver      : Resolving eureka endpoints via configuration
2022-08-26 09:42:25.114  INFO 10056 --- [AsyncResolver-bootstrap-executor-0] c.n.d.s.r.aws.ConfigClusterResolver      : Resolving eureka endpoints via configuration
2022-08-26 09:47:25.131  INFO 10056 --- [AsyncResolver-bootstrap-executor-0] c.n.d.s.r.aws.ConfigClusterResolver      : Resolving eureka endpoints via configuration
2022-08-26 09:52:25.150  INFO 10056 --- [AsyncResolver-bootstrap-executor-0] c.n.d.s.r.aws.ConfigClusterResolver      : Resolving eureka endpoints via configuration
2022-08-26 09:57:25.159  INFO 10056 --- [AsyncResolver-bootstrap-executor-0] c.n.d.s.r.aws.ConfigClusterResolver      : Resolving eureka endpoints via configuration
2022-08-26 10:02:25.164  INFO 10056 --- [AsyncResolver-bootstrap-executor-0] c.n.d.s.r.aws.ConfigClusterResolver      : Resolving eureka endpoints via configuration
2022-08-26 10:07:25.180  INFO 10056 --- [AsyncResolver-bootstrap-executor-0] c.n.d.s.r.aws.ConfigClusterResolver      : Resolving eureka endpoints via configuration
2022-08-26 10:12:25.190  INFO 10056 --- [AsyncResolver-bootstrap-executor-0] c.n.d.s.r.aws.ConfigClusterResolver      : Resolving eureka endpoints via configuration
2022-08-26 10:17:25.199  INFO 10056 --- [AsyncResolver-bootstrap-executor-0] c.n.d.s.r.aws.ConfigClusterResolver      : Resolving eureka endpoints via configuration
2022-08-26 10:22:25.208  INFO 10056 --- [AsyncResolver-bootstrap-executor-0] c.n.d.s.r.aws.ConfigClusterResolver      : Resolving eureka endpoints via configuration
2022-08-26 10:27:25.224  INFO 10056 --- [AsyncResolver-bootstrap-executor-0] c.n.d.s.r.aws.ConfigClusterResolver      : Resolving eureka endpoints via configuration
2022-08-26 10:32:25.229  INFO 10056 --- [AsyncResolver-bootstrap-executor-0] c.n.d.s.r.aws.ConfigClusterResolver      : Resolving eureka endpoints via configuration
2022-08-26 10:37:25.241  INFO 10056 --- [AsyncResolver-bootstrap-executor-0] c.n.d.s.r.aws.ConfigClusterResolver      : Resolving eureka endpoints via configuration
2022-08-26 10:42:25.257  INFO 10056 --- [AsyncResolver-bootstrap-executor-0] c.n.d.s.r.aws.ConfigClusterResolver      : Resolving eureka endpoints via configuration
2022-08-26 10:47:25.261  INFO 10056 --- [AsyncResolver-bootstrap-executor-0] c.n.d.s.r.aws.ConfigClusterResolver      : Resolving eureka endpoints via configuration
2022-08-26 10:52:25.265  INFO 10056 --- [AsyncResolver-bootstrap-executor-0] c.n.d.s.r.aws.ConfigClusterResolver      : Resolving eureka endpoints via configuration
2022-08-26 10:57:25.283  INFO 10056 --- [AsyncResolver-bootstrap-executor-0] c.n.d.s.r.aws.ConfigClusterResolver      : Resolving eureka endpoints via configuration
2022-08-26 11:02:25.295  INFO 10056 --- [AsyncResolver-bootstrap-executor-0] c.n.d.s.r.aws.ConfigClusterResolver      : Resolving eureka endpoints via configuration
2022-08-26 11:07:25.310  INFO 10056 --- [AsyncResolver-bootstrap-executor-0] c.n.d.s.r.aws.ConfigClusterResolver      : Resolving eureka endpoints via configuration
2022-08-26 11:12:25.320  INFO 10056 --- [AsyncResolver-bootstrap-executor-0] c.n.d.s.r.aws.ConfigClusterResolver      : Resolving eureka endpoints via configuration
2022-08-26 11:17:25.324  INFO 10056 --- [AsyncResolver-bootstrap-executor-0] c.n.d.s.r.aws.ConfigClusterResolver      : Resolving eureka endpoints via configuration
2022-08-26 11:22:25.337  INFO 10056 --- [AsyncResolver-bootstrap-executor-0] c.n.d.s.r.aws.ConfigClusterResolver      : Resolving eureka endpoints via configuration
2022-08-26 11:27:25.339  INFO 10056 --- [AsyncResolver-bootstrap-executor-0] c.n.d.s.r.aws.ConfigClusterResolver      : Resolving eureka endpoints via configuration
2022-08-26 11:32:25.344  INFO 10056 --- [AsyncResolver-bootstrap-executor-0] c.n.d.s.r.aws.ConfigClusterResolver      : Resolving eureka endpoints via configuration
2022-08-26 11:37:25.351  INFO 10056 --- [AsyncResolver-bootstrap-executor-0] c.n.d.s.r.aws.ConfigClusterResolver      : Resolving eureka endpoints via configuration
2022-08-26 11:42:25.355  INFO 10056 --- [AsyncResolver-bootstrap-executor-0] c.n.d.s.r.aws.ConfigClusterResolver      : Resolving eureka endpoints via configuration
2022-08-26 11:46:07.473  INFO 10056 --- [cluster-rtt-ClusterId{value='630781ebe9cff62945682672', description='null'}-localhost:27017] org.mongodb.driver.connection            : Opened connection [connectionId{localValue:2565, serverValue:1}] to localhost:27017
2022-08-26 11:46:07.890  INFO 10056 --- [cluster-ClusterId{value='630781ebe9cff62945682672', description='null'}-localhost:27017] org.mongodb.driver.connection            : Opened connection [connectionId{localValue:2566, serverValue:2}] to localhost:27017
2022-08-26 11:46:07.891  INFO 10056 --- [cluster-ClusterId{value='630781ebe9cff62945682672', description='null'}-localhost:27017] org.mongodb.driver.cluster               : Monitor thread successfully connected to server with description ServerDescription{address=localhost:27017, type=STANDALONE, state=CONNECTED, ok=true, minWireVersion=0, maxWireVersion=17, maxDocumentSize=16777216, logicalSessionTimeoutMinutes=30, roundTripTimeNanos=6337000}
2022-08-26 11:47:25.372  INFO 10056 --- [AsyncResolver-bootstrap-executor-0] c.n.d.s.r.aws.ConfigClusterResolver      : Resolving eureka endpoints via configuration
2022-08-26 11:52:25.386  INFO 10056 --- [AsyncResolver-bootstrap-executor-0] c.n.d.s.r.aws.ConfigClusterResolver      : Resolving eureka endpoints via configuration
2022-08-26 11:57:25.399  INFO 10056 --- [AsyncResolver-bootstrap-executor-0] c.n.d.s.r.aws.ConfigClusterResolver      : Resolving eureka endpoints via configuration
2022-08-26 12:02:25.414  INFO 10056 --- [AsyncResolver-bootstrap-executor-0] c.n.d.s.r.aws.ConfigClusterResolver      : Resolving eureka endpoints via configuration
2022-08-26 12:07:25.412  INFO 10056 --- [AsyncResolver-bootstrap-executor-0] c.n.d.s.r.aws.ConfigClusterResolver      : Resolving eureka endpoints via configuration
2022-08-26 12:12:25.416  INFO 10056 --- [AsyncResolver-bootstrap-executor-0] c.n.d.s.r.aws.ConfigClusterResolver      : Resolving eureka endpoints via configuration
2022-08-26 12:13:43.160  INFO 10056 --- [http-nio-8093-exec-3] o.a.c.c.C.[Tomcat].[localhost].[/]       : Initializing Spring DispatcherServlet 'dispatcherServlet'
2022-08-26 12:13:43.161  INFO 10056 --- [http-nio-8093-exec-3] o.s.web.servlet.DispatcherServlet        : Initializing Servlet 'dispatcherServlet'
2022-08-26 12:13:43.177  INFO 10056 --- [http-nio-8093-exec-3] o.s.web.servlet.DispatcherServlet        : Completed initialization in 16 ms
2022-08-26 12:14:05.569  INFO 10056 --- [RMI TCP Connection(267)-127.0.0.1] inMXBeanRegistrar$SpringApplicationAdmin : Application shutdown requested.
2022-08-26 12:14:05.571  INFO 10056 --- [RMI TCP Connection(267)-127.0.0.1] o.s.c.n.e.s.EurekaServiceRegistry        : Unregistering application CHECKIN SERVICE with eureka with status DOWN
2022-08-26 12:14:05.571  INFO 10056 --- [RMI TCP Connection(267)-127.0.0.1] com.netflix.discovery.DiscoveryClient    : Saw local status change event StatusChangeEvent [timestamp=1661496245571, current=DOWN, previous=UP]
2022-08-26 12:14:05.571  INFO 10056 --- [DiscoveryClient-InstanceInfoReplicator-0] com.netflix.discovery.DiscoveryClient    : DiscoveryClient_CHECKIN SERVICE/LIN19006090.corp.capgemini.com:CheckIn Service:8093: registering service...
2022-08-26 12:14:05.581  INFO 10056 --- [DiscoveryClient-InstanceInfoReplicator-0] com.netflix.discovery.DiscoveryClient    : DiscoveryClient_CHECKIN SERVICE/LIN19006090.corp.capgemini.com:CheckIn Service:8093 - registration status: 204
2022-08-26 12:14:05.608  INFO 10056 --- [RMI TCP Connection(267)-127.0.0.1] com.netflix.discovery.DiscoveryClient    : Shutting down DiscoveryClient ...
2022-08-26 12:14:08.625  INFO 10056 --- [RMI TCP Connection(267)-127.0.0.1] com.netflix.discovery.DiscoveryClient    : Unregistering ...
2022-08-26 12:14:08.629  INFO 10056 --- [RMI TCP Connection(267)-127.0.0.1] com.netflix.discovery.DiscoveryClient    : DiscoveryClient_CHECKIN SERVICE/LIN19006090.corp.capgemini.com:CheckIn Service:8093 - deregister  status: 200
2022-08-26 12:14:08.634  INFO 10056 --- [RMI TCP Connection(267)-127.0.0.1] com.netflix.discovery.DiscoveryClient    : Completed shut down of DiscoveryClient
2022-08-26 12:14:23.975  INFO 19020 --- [restartedMain] com.cg.checkin.CheckInApplication        : Starting CheckInApplication using Java 17.0.3 on LIN19006090 with PID 19020 (C:\Users\KWARPADE\Desktop\Final project\backend\CheckIn\target\classes started by kwarpade in C:\Users\KWARPADE\Desktop\Final project\backend\CheckIn)
2022-08-26 12:14:23.977  INFO 19020 --- [restartedMain] com.cg.checkin.CheckInApplication        : No active profile set, falling back to 1 default profile: "default"
2022-08-26 12:14:24.012  INFO 19020 --- [restartedMain] .e.DevToolsPropertyDefaultsPostProcessor : Devtools property defaults active! Set 'spring.devtools.add-properties' to 'false' to disable
2022-08-26 12:14:24.012  INFO 19020 --- [restartedMain] .e.DevToolsPropertyDefaultsPostProcessor : For additional web related logging consider setting the 'logging.level.web' property to 'DEBUG'
2022-08-26 12:14:24.614  INFO 19020 --- [restartedMain] .s.d.r.c.RepositoryConfigurationDelegate : Bootstrapping Spring Data MongoDB repositories in DEFAULT mode.
2022-08-26 12:14:24.707  INFO 19020 --- [restartedMain] .s.d.r.c.RepositoryConfigurationDelegate : Finished Spring Data repository scanning in 88 ms. Found 1 MongoDB repository interfaces.
2022-08-26 12:14:24.906  INFO 19020 --- [restartedMain] o.s.cloud.context.scope.GenericScope     : BeanFactory id=b2b84dfb-ca15-3cc9-8385-1df9e776d832
2022-08-26 12:14:25.375  INFO 19020 --- [restartedMain] o.s.b.w.embedded.tomcat.TomcatWebServer  : Tomcat initialized with port(s): 8093 (http)
2022-08-26 12:14:25.384  INFO 19020 --- [restartedMain] o.apache.catalina.core.StandardService   : Starting service [Tomcat]
2022-08-26 12:14:25.384  INFO 19020 --- [restartedMain] org.apache.catalina.core.StandardEngine  : Starting Servlet engine: [Apache Tomcat/9.0.65]
2022-08-26 12:14:25.460  INFO 19020 --- [restartedMain] o.a.c.c.C.[Tomcat].[localhost].[/]       : Initializing Spring embedded WebApplicationContext
2022-08-26 12:14:25.460  INFO 19020 --- [restartedMain] w.s.c.ServletWebServerApplicationContext : Root WebApplicationContext: initialization completed in 1447 ms
2022-08-26 12:14:25.608  INFO 19020 --- [restartedMain] org.mongodb.driver.client                : MongoClient with metadata {"driver": {"name": "mongo-java-driver|sync|spring-boot", "version": "4.6.1"}, "os": {"type": "Windows", "name": "Windows 10", "architecture": "amd64", "version": "10.0"}, "platform": "Java/Eclipse Adoptium/17.0.3+7"} created with settings MongoClientSettings{readPreference=primary, writeConcern=WriteConcern{w=null, wTimeout=null ms, journal=null}, retryWrites=true, retryReads=true, readConcern=ReadConcern{level=null}, credential=null, streamFactoryFactory=null, commandListeners=[], codecRegistry=ProvidersCodecRegistry{codecProviders=[ValueCodecProvider{}, BsonValueCodecProvider{}, DBRefCodecProvider{}, DBObjectCodecProvider{}, DocumentCodecProvider{}, IterableCodecProvider{}, MapCodecProvider{}, GeoJsonCodecProvider{}, GridFSFileCodecProvider{}, Jsr310CodecProvider{}, JsonObjectCodecProvider{}, BsonCodecProvider{}, EnumCodecProvider{}, com.mongodb.Jep395RecordCodecProvider@532e5030]}, clusterSettings={hosts=[localhost:27017], srvServiceName=mongodb, mode=SINGLE, requiredClusterType=UNKNOWN, requiredReplicaSetName='null', serverSelector='null', clusterListeners='[]', serverSelectionTimeout='30000 ms', localThreshold='30000 ms'}, socketSettings=SocketSettings{connectTimeoutMS=10000, readTimeoutMS=0, receiveBufferSize=0, sendBufferSize=0}, heartbeatSocketSettings=SocketSettings{connectTimeoutMS=10000, readTimeoutMS=10000, receiveBufferSize=0, sendBufferSize=0}, connectionPoolSettings=ConnectionPoolSettings{maxSize=100, minSize=0, maxWaitTimeMS=120000, maxConnectionLifeTimeMS=0, maxConnectionIdleTimeMS=0, maintenanceInitialDelayMS=0, maintenanceFrequencyMS=60000, connectionPoolListeners=[], maxConnecting=2}, serverSettings=ServerSettings{heartbeatFrequencyMS=10000, minHeartbeatFrequencyMS=500, serverListeners='[]', serverMonitorListeners='[]'}, sslSettings=SslSettings{enabled=false, invalidHostNameAllowed=false, context=null}, applicationName='null', compressorList=[], uuidRepresentation=JAVA_LEGACY, serverApi=null, autoEncryptionSettings=null, contextProvider=null}
2022-08-26 12:14:25.619  INFO 19020 --- [cluster-rtt-ClusterId{value='63086bc93ec44d294fbc75ae', description='null'}-localhost:27017] org.mongodb.driver.connection            : Opened connection [connectionId{localValue:1, serverValue:13}] to localhost:27017
2022-08-26 12:14:25.619  INFO 19020 --- [cluster-ClusterId{value='63086bc93ec44d294fbc75ae', description='null'}-localhost:27017] org.mongodb.driver.connection            : Opened connection [connectionId{localValue:2, serverValue:12}] to localhost:27017
2022-08-26 12:14:25.620  INFO 19020 --- [cluster-ClusterId{value='63086bc93ec44d294fbc75ae', description='null'}-localhost:27017] org.mongodb.driver.cluster               : Monitor thread successfully connected to server with description ServerDescription{address=localhost:27017, type=STANDALONE, state=CONNECTED, ok=true, minWireVersion=0, maxWireVersion=17, maxDocumentSize=16777216, logicalSessionTimeoutMinutes=30, roundTripTimeNanos=15864300}
2022-08-26 12:14:25.660  WARN 19020 --- [restartedMain] o.s.data.convert.CustomConversions       : Registering converter from class java.time.LocalDateTime to class org.joda.time.LocalDateTime as reading converter although it doesn't convert from a store-supported type; You might want to check your annotation setup at the converter implementation
2022-08-26 12:14:25.720  WARN 19020 --- [restartedMain] o.s.b.d.a.OptionalLiveReloadServer       : Unable to start LiveReload server
2022-08-26 12:14:25.756  WARN 19020 --- [restartedMain] o.s.data.convert.CustomConversions       : Registering converter from class java.time.LocalDateTime to class org.joda.time.LocalDateTime as reading converter although it doesn't convert from a store-supported type; You might want to check your annotation setup at the converter implementation
2022-08-26 12:14:26.087  INFO 19020 --- [restartedMain] pertySourcedRequestMappingHandlerMapping : Mapped URL path [/v2/api-docs] onto method [springfox.documentation.swagger2.web.Swagger2Controller#getDocumentation(String, HttpServletRequest)]
2022-08-26 12:14:26.422  INFO 19020 --- [restartedMain] DiscoveryClientOptionalArgsConfiguration : Eureka HTTP Client uses RestTemplate.
2022-08-26 12:14:26.539  WARN 19020 --- [restartedMain] iguration$LoadBalancerCaffeineWarnLogger : Spring Cloud LoadBalancer is currently working with the default cache. While this cache implementation is useful for development and tests, it's recommended to use Caffeine cache in production.You can switch to using Caffeine cache, by adding it and org.springframework.cache.caffeine.CaffeineCacheManager to the classpath.
2022-08-26 12:14:26.595  INFO 19020 --- [restartedMain] o.s.c.n.eureka.InstanceInfoFactory       : Setting initial instance status as: STARTING
2022-08-26 12:14:26.635  INFO 19020 --- [restartedMain] com.netflix.discovery.DiscoveryClient    : Initializing Eureka in region us-east-1
2022-08-26 12:14:26.644  INFO 19020 --- [restartedMain] c.n.d.s.r.aws.ConfigClusterResolver      : Resolving eureka endpoints via configuration
2022-08-26 12:14:26.674  INFO 19020 --- [restartedMain] com.netflix.discovery.DiscoveryClient    : Disable delta property : false
2022-08-26 12:14:26.674  INFO 19020 --- [restartedMain] com.netflix.discovery.DiscoveryClient    : Single vip registry refresh property : null
2022-08-26 12:14:26.674  INFO 19020 --- [restartedMain] com.netflix.discovery.DiscoveryClient    : Force full registry fetch : false
2022-08-26 12:14:26.675  INFO 19020 --- [restartedMain] com.netflix.discovery.DiscoveryClient    : Application is null : false
2022-08-26 12:14:26.675  INFO 19020 --- [restartedMain] com.netflix.discovery.DiscoveryClient    : Registered Applications size is zero : true
2022-08-26 12:14:26.675  INFO 19020 --- [restartedMain] com.netflix.discovery.DiscoveryClient    : Application version is -1: true
2022-08-26 12:14:26.675  INFO 19020 --- [restartedMain] com.netflix.discovery.DiscoveryClient    : Getting all instance registry info from the eureka server
2022-08-26 12:14:26.922  INFO 19020 --- [restartedMain] com.netflix.discovery.DiscoveryClient    : The response status is 200
2022-08-26 12:14:26.929  INFO 19020 --- [restartedMain] com.netflix.discovery.DiscoveryClient    : Starting heartbeat executor: renew interval is: 30
2022-08-26 12:14:26.935  INFO 19020 --- [restartedMain] c.n.discovery.InstanceInfoReplicator     : InstanceInfoReplicator onDemand update allowed rate per min is 4
2022-08-26 12:14:26.950  INFO 19020 --- [restartedMain] com.netflix.discovery.DiscoveryClient    : Discovery Client initialized at timestamp 1661496266949 with initial instances count: 6
2022-08-26 12:14:26.952  INFO 19020 --- [restartedMain] o.s.c.n.e.s.EurekaServiceRegistry        : Registering application CHECKIN SERVICE with eureka with status UP
2022-08-26 12:14:26.952  INFO 19020 --- [restartedMain] com.netflix.discovery.DiscoveryClient    : Saw local status change event StatusChangeEvent [timestamp=1661496266952, current=UP, previous=STARTING]
2022-08-26 12:14:26.954  INFO 19020 --- [DiscoveryClient-InstanceInfoReplicator-0] com.netflix.discovery.DiscoveryClient    : DiscoveryClient_CHECKIN SERVICE/LIN19006090.corp.capgemini.com:CheckIn Service:8093: registering service...
2022-08-26 12:14:26.976  INFO 19020 --- [restartedMain] o.s.b.w.embedded.tomcat.TomcatWebServer  : Tomcat started on port(s): 8093 (http) with context path ''
2022-08-26 12:14:26.978  INFO 19020 --- [restartedMain] .s.c.n.e.s.EurekaAutoServiceRegistration : Updating port to 8093
2022-08-26 12:14:26.988  INFO 19020 --- [DiscoveryClient-InstanceInfoReplicator-0] com.netflix.discovery.DiscoveryClient    : DiscoveryClient_CHECKIN SERVICE/LIN19006090.corp.capgemini.com:CheckIn Service:8093 - registration status: 204
2022-08-26 12:14:27.054  INFO 19020 --- [restartedMain] d.s.w.p.DocumentationPluginsBootstrapper : Context refreshed
2022-08-26 12:14:27.065  INFO 19020 --- [restartedMain] d.s.w.p.DocumentationPluginsBootstrapper : Found 1 custom documentation plugin(s)
2022-08-26 12:14:27.086  INFO 19020 --- [restartedMain] s.d.s.w.s.ApiListingReferenceScanner     : Scanning for api listing references
2022-08-26 12:14:27.185  INFO 19020 --- [restartedMain] com.cg.checkin.CheckInApplication        : Started CheckInApplication in 3.596 seconds (JVM running for 4.242)
2022-08-26 12:14:27.283  INFO 19020 --- [http-nio-8093-exec-1] o.a.c.c.C.[Tomcat].[localhost].[/]       : Initializing Spring DispatcherServlet 'dispatcherServlet'
2022-08-26 12:14:27.284  INFO 19020 --- [http-nio-8093-exec-1] o.s.web.servlet.DispatcherServlet        : Initializing Servlet 'dispatcherServlet'
2022-08-26 12:14:27.285  INFO 19020 --- [http-nio-8093-exec-1] o.s.web.servlet.DispatcherServlet        : Completed initialization in 1 ms
2022-08-26 12:19:26.689  INFO 19020 --- [AsyncResolver-bootstrap-executor-0] c.n.d.s.r.aws.ConfigClusterResolver      : Resolving eureka endpoints via configuration
2022-08-26 12:24:26.701  INFO 19020 --- [AsyncResolver-bootstrap-executor-0] c.n.d.s.r.aws.ConfigClusterResolver      : Resolving eureka endpoints via configuration
2022-08-26 12:29:26.704  INFO 19020 --- [AsyncResolver-bootstrap-executor-0] c.n.d.s.r.aws.ConfigClusterResolver      : Resolving eureka endpoints via configuration
2022-08-26 12:34:26.718  INFO 19020 --- [AsyncResolver-bootstrap-executor-0] c.n.d.s.r.aws.ConfigClusterResolver      : Resolving eureka endpoints via configuration
2022-08-26 12:39:26.730  INFO 19020 --- [AsyncResolver-bootstrap-executor-0] c.n.d.s.r.aws.ConfigClusterResolver      : Resolving eureka endpoints via configuration
2022-08-26 12:44:26.746  INFO 19020 --- [AsyncResolver-bootstrap-executor-0] c.n.d.s.r.aws.ConfigClusterResolver      : Resolving eureka endpoints via configuration
2022-08-26 12:49:26.748  INFO 19020 --- [AsyncResolver-bootstrap-executor-0] c.n.d.s.r.aws.ConfigClusterResolver      : Resolving eureka endpoints via configuration
2022-08-26 12:54:26.765  INFO 19020 --- [AsyncResolver-bootstrap-executor-0] c.n.d.s.r.aws.ConfigClusterResolver      : Resolving eureka endpoints via configuration
2022-08-26 13:54:45.771  INFO 19020 --- [cluster-ClusterId{value='63086bc93ec44d294fbc75ae', description='null'}-localhost:27017] org.mongodb.driver.cluster               : Exception in monitor thread while connecting to server localhost:27017

com.mongodb.MongoSocketReadTimeoutException: Timeout while receiving message
	at com.mongodb.internal.connection.InternalStreamConnection.translateReadException(InternalStreamConnection.java:696) ~[mongodb-driver-core-4.6.1.jar:na]
	at com.mongodb.internal.connection.InternalStreamConnection.receiveMessageWithAdditionalTimeout(InternalStreamConnection.java:574) ~[mongodb-driver-core-4.6.1.jar:na]
	at com.mongodb.internal.connection.InternalStreamConnection.receiveCommandMessageResponse(InternalStreamConnection.java:410) ~[mongodb-driver-core-4.6.1.jar:na]
	at com.mongodb.internal.connection.InternalStreamConnection.receive(InternalStreamConnection.java:369) ~[mongodb-driver-core-4.6.1.jar:na]
	at com.mongodb.internal.connection.DefaultServerMonitor$ServerMonitorRunnable.lookupServerDescription(DefaultServerMonitor.java:221) ~[mongodb-driver-core-4.6.1.jar:na]
	at com.mongodb.internal.connection.DefaultServerMonitor$ServerMonitorRunnable.run(DefaultServerMonitor.java:157) ~[mongodb-driver-core-4.6.1.jar:na]
	at java.base/java.lang.Thread.run(Thread.java:833) ~[na:na]
Caused by: java.net.SocketTimeoutException: Read timed out
	at java.base/sun.nio.ch.NioSocketImpl.timedRead(NioSocketImpl.java:283) ~[na:na]
	at java.base/sun.nio.ch.NioSocketImpl.implRead(NioSocketImpl.java:309) ~[na:na]
	at java.base/sun.nio.ch.NioSocketImpl.read(NioSocketImpl.java:350) ~[na:na]
	at java.base/sun.nio.ch.NioSocketImpl$1.read(NioSocketImpl.java:803) ~[na:na]
	at java.base/java.net.Socket$SocketInputStream.read(Socket.java:966) ~[na:na]
	at com.mongodb.internal.connection.SocketStream.read(SocketStream.java:110) ~[mongodb-driver-core-4.6.1.jar:na]
	at com.mongodb.internal.connection.SocketStream.read(SocketStream.java:135) ~[mongodb-driver-core-4.6.1.jar:na]
	at com.mongodb.internal.connection.InternalStreamConnection.receiveResponseBuffers(InternalStreamConnection.java:713) ~[mongodb-driver-core-4.6.1.jar:na]
	at com.mongodb.internal.connection.InternalStreamConnection.receiveMessageWithAdditionalTimeout(InternalStreamConnection.java:571) ~[mongodb-driver-core-4.6.1.jar:na]
	... 5 common frames omitted

2022-08-26 13:54:46.510  INFO 19020 --- [cluster-ClusterId{value='63086bc93ec44d294fbc75ae', description='null'}-localhost:27017] org.mongodb.driver.connection            : Opened connection [connectionId{localValue:3, serverValue:17}] to localhost:27017
2022-08-26 13:54:46.511  INFO 19020 --- [cluster-ClusterId{value='63086bc93ec44d294fbc75ae', description='null'}-localhost:27017] org.mongodb.driver.cluster               : Monitor thread successfully connected to server with description ServerDescription{address=localhost:27017, type=STANDALONE, state=CONNECTED, ok=true, minWireVersion=0, maxWireVersion=17, maxDocumentSize=16777216, logicalSessionTimeoutMinutes=30, roundTripTimeNanos=734977199}
2022-08-26 13:56:47.900  INFO 19020 --- [AsyncResolver-bootstrap-executor-0] c.n.d.s.r.aws.ConfigClusterResolver      : Resolving eureka endpoints via configuration
2022-08-26 14:01:47.910  INFO 19020 --- [AsyncResolver-bootstrap-executor-0] c.n.d.s.r.aws.ConfigClusterResolver      : Resolving eureka endpoints via configuration
2022-08-26 14:06:47.913  INFO 19020 --- [AsyncResolver-bootstrap-executor-0] c.n.d.s.r.aws.ConfigClusterResolver      : Resolving eureka endpoints via configuration
2022-08-26 14:11:47.926  INFO 19020 --- [AsyncResolver-bootstrap-executor-0] c.n.d.s.r.aws.ConfigClusterResolver      : Resolving eureka endpoints via configuration
